C:\Program Files (x86)\Microsoft Visual Studio\2019\Community\MSBuild\Microsoft\VC\v160\Microsoft.CppBuild.targets(513,5): warning MSB8028: El directorio intermedio (x64\Debug\) contiene archivos compartidos de otro proyecto (Ejemplo3.vcxproj, TerrenoGC1.vcxproj, TerrenoSkyGC1.vcxproj). Esto puede dar lugar a un comportamiento incorrecto de limpieza y recompilación.
  graphicsclass.cpp
D:\Documentos\UANL\Quinto Semestre\Gráficas\Proyecto\Proyecto\Ejemplo3\Imagenes.h(61,26): warning C4101: 'e': variable local sin referencia
D:\Documentos\UANL\Quinto Semestre\Gráficas\Proyecto\Proyecto\Ejemplo3\Imagenes.h(80,28): warning C4101: 'e': variable local sin referencia
D:\Documentos\UANL\Quinto Semestre\Gráficas\Proyecto\Proyecto\Ejemplo3\Geometrias.h(53,32): warning C4244: '=': conversión de 'double' a 'float'; posible pérdida de datos
D:\Documentos\UANL\Quinto Semestre\Gráficas\Proyecto\Proyecto\Ejemplo3\Geometrias.h(64,32): warning C4244: '=': conversión de 'double' a 'float'; posible pérdida de datos
D:\Documentos\UANL\Quinto Semestre\Gráficas\Proyecto\Proyecto\Ejemplo3\Geometrias.h(75,31): warning C4244: '=': conversión de 'double' a 'float'; posible pérdida de datos
D:\Documentos\UANL\Quinto Semestre\Gráficas\Proyecto\Proyecto\Ejemplo3\Geometrias.h(86,31): warning C4244: '=': conversión de 'double' a 'float'; posible pérdida de datos
D:\Documentos\UANL\Quinto Semestre\Gráficas\Proyecto\Proyecto\Ejemplo3\Geometrias.h(128,126): warning C4244: '=': conversión de 'double' a 'float'; posible pérdida de datos
D:\Documentos\UANL\Quinto Semestre\Gráficas\Proyecto\Proyecto\Ejemplo3\Geometrias.h(130,40): warning C4244: '=': conversión de 'double' a 'float'; posible pérdida de datos
D:\Documentos\UANL\Quinto Semestre\Gráficas\Proyecto\Proyecto\Ejemplo3\Geometrias.h(131,126): warning C4244: '=': conversión de 'double' a 'float'; posible pérdida de datos
D:\Documentos\UANL\Quinto Semestre\Gráficas\Proyecto\Proyecto\Ejemplo3\Geometrias.h(134,119): warning C4244: '=': conversión de 'double' a 'float'; posible pérdida de datos
D:\Documentos\UANL\Quinto Semestre\Gráficas\Proyecto\Proyecto\Ejemplo3\Geometrias.h(136,38): warning C4244: '=': conversión de 'double' a 'float'; posible pérdida de datos
D:\Documentos\UANL\Quinto Semestre\Gráficas\Proyecto\Proyecto\Ejemplo3\Geometrias.h(137,119): warning C4244: '=': conversión de 'double' a 'float'; posible pérdida de datos
D:\Documentos\UANL\Quinto Semestre\Gráficas\Proyecto\Proyecto\Ejemplo3\Geometrias.h(140,40): warning C4244: '=': conversión de 'double' a 'float'; posible pérdida de datos
D:\Documentos\UANL\Quinto Semestre\Gráficas\Proyecto\Proyecto\Ejemplo3\Geometrias.h(141,40): warning C4244: '=': conversión de 'double' a 'float'; posible pérdida de datos
D:\Documentos\UANL\Quinto Semestre\Gráficas\Proyecto\Proyecto\Ejemplo3\Geometrias.h(287,55): warning C4244: '=': conversión de 'double' a 'float'; posible pérdida de datos
D:\Documentos\UANL\Quinto Semestre\Gráficas\Proyecto\Proyecto\Ejemplo3\Geometrias.h(288,74): warning C4244: '=': conversión de 'double' a 'float'; posible pérdida de datos
D:\Documentos\UANL\Quinto Semestre\Gráficas\Proyecto\Proyecto\Ejemplo3\Geometrias.h(289,55): warning C4244: '=': conversión de 'double' a 'float'; posible pérdida de datos
D:\Documentos\UANL\Quinto Semestre\Gráficas\Proyecto\Proyecto\Ejemplo3\Billboard.h(195,1): warning C4305: '+=': truncamiento de 'double' a 'float'
D:\Documentos\UANL\Quinto Semestre\Gráficas\Proyecto\Proyecto\Ejemplo3\Modelos.h(280,1): warning C4267: '=': conversión de 'size_t' a 'int'; posible pérdida de datos
D:\Documentos\UANL\Quinto Semestre\Gráficas\Proyecto\Proyecto\Ejemplo3\Modelos.h(281,1): warning C4267: '=': conversión de 'size_t' a 'int'; posible pérdida de datos
D:\Documentos\UANL\Quinto Semestre\Gráficas\Proyecto\Proyecto\Ejemplo3\graphicsclass.h(56,146): warning C4305: 'inicializando': truncamiento de 'double' a 'float'
D:\Documentos\UANL\Quinto Semestre\Gráficas\Proyecto\Proyecto\Ejemplo3\graphicsclass.h(60,118): warning C4305: 'inicializando': truncamiento de 'double' a 'float'
D:\Documentos\UANL\Quinto Semestre\Gráficas\Proyecto\Proyecto\Ejemplo3\graphicsclass.h(61,71): warning C4305: 'inicializando': truncamiento de 'double' a 'float'
D:\Documentos\UANL\Quinto Semestre\Gráficas\Proyecto\Proyecto\Ejemplo3\graphicsclass.cpp(111,122): warning C4244: 'argumento': conversión de 'int' a 'float'; posible pérdida de datos
D:\Documentos\UANL\Quinto Semestre\Gráficas\Proyecto\Proyecto\Ejemplo3\graphicsclass.cpp(111,105): warning C4244: 'argumento': conversión de 'int' a 'float'; posible pérdida de datos
D:\Documentos\UANL\Quinto Semestre\Gráficas\Proyecto\Proyecto\Ejemplo3\graphicsclass.cpp(129,126): warning C4244: 'argumento': conversión de 'int' a 'float'; posible pérdida de datos
D:\Documentos\UANL\Quinto Semestre\Gráficas\Proyecto\Proyecto\Ejemplo3\graphicsclass.cpp(129,110): warning C4244: 'argumento': conversión de 'int' a 'float'; posible pérdida de datos
D:\Documentos\UANL\Quinto Semestre\Gráficas\Proyecto\Proyecto\Ejemplo3\graphicsclass.cpp(147,127): warning C4244: 'argumento': conversión de 'int' a 'float'; posible pérdida de datos
D:\Documentos\UANL\Quinto Semestre\Gráficas\Proyecto\Proyecto\Ejemplo3\graphicsclass.cpp(147,111): warning C4244: 'argumento': conversión de 'int' a 'float'; posible pérdida de datos
D:\Documentos\UANL\Quinto Semestre\Gráficas\Proyecto\Proyecto\Ejemplo3\graphicsclass.cpp(165,111): warning C4244: 'argumento': conversión de 'int' a 'float'; posible pérdida de datos
D:\Documentos\UANL\Quinto Semestre\Gráficas\Proyecto\Proyecto\Ejemplo3\graphicsclass.cpp(183,118): warning C4244: 'argumento': conversión de 'int' a 'float'; posible pérdida de datos
D:\Documentos\UANL\Quinto Semestre\Gráficas\Proyecto\Proyecto\Ejemplo3\graphicsclass.cpp(183,102): warning C4244: 'argumento': conversión de 'int' a 'float'; posible pérdida de datos
D:\Documentos\UANL\Quinto Semestre\Gráficas\Proyecto\Proyecto\Ejemplo3\graphicsclass.cpp(332,14): warning C4305: 'argumento': truncamiento de 'double' a 'float'
D:\Documentos\UANL\Quinto Semestre\Gráficas\Proyecto\Proyecto\Ejemplo3\graphicsclass.cpp(335,14): warning C4305: 'argumento': truncamiento de 'double' a 'float'
D:\Documentos\UANL\Quinto Semestre\Gráficas\Proyecto\Proyecto\Ejemplo3\graphicsclass.cpp(341,14): warning C4305: 'argumento': truncamiento de 'double' a 'float'
D:\Documentos\UANL\Quinto Semestre\Gráficas\Proyecto\Proyecto\Ejemplo3\graphicsclass.cpp(344,14): warning C4305: 'argumento': truncamiento de 'double' a 'float'
D:\Documentos\UANL\Quinto Semestre\Gráficas\Proyecto\Proyecto\Ejemplo3\graphicsclass.cpp(347,14): warning C4305: 'argumento': truncamiento de 'double' a 'float'
D:\Documentos\UANL\Quinto Semestre\Gráficas\Proyecto\Proyecto\Ejemplo3\graphicsclass.cpp(349,179): warning C4244: 'argumento': conversión de 'int' a 'float'; posible pérdida de datos
D:\Documentos\UANL\Quinto Semestre\Gráficas\Proyecto\Proyecto\Ejemplo3\graphicsclass.cpp(352,179): warning C4244: 'argumento': conversión de 'int' a 'float'; posible pérdida de datos
D:\Documentos\UANL\Quinto Semestre\Gráficas\Proyecto\Proyecto\Ejemplo3\graphicsclass.cpp(355,179): warning C4244: 'argumento': conversión de 'int' a 'float'; posible pérdida de datos
D:\Documentos\UANL\Quinto Semestre\Gráficas\Proyecto\Proyecto\Ejemplo3\graphicsclass.cpp(358,179): warning C4244: 'argumento': conversión de 'int' a 'float'; posible pérdida de datos
D:\Documentos\UANL\Quinto Semestre\Gráficas\Proyecto\Proyecto\Ejemplo3\graphicsclass.cpp(361,179): warning C4244: 'argumento': conversión de 'int' a 'float'; posible pérdida de datos
D:\Documentos\UANL\Quinto Semestre\Gráficas\Proyecto\Proyecto\Ejemplo3\graphicsclass.cpp(364,179): warning C4244: 'argumento': conversión de 'int' a 'float'; posible pérdida de datos
D:\Documentos\UANL\Quinto Semestre\Gráficas\Proyecto\Proyecto\Ejemplo3\graphicsclass.cpp(367,179): warning C4244: 'argumento': conversión de 'int' a 'float'; posible pérdida de datos
D:\Documentos\UANL\Quinto Semestre\Gráficas\Proyecto\Proyecto\Ejemplo3\graphicsclass.cpp(370,179): warning C4244: 'argumento': conversión de 'int' a 'float'; posible pérdida de datos
D:\Documentos\UANL\Quinto Semestre\Gráficas\Proyecto\Proyecto\Ejemplo3\graphicsclass.cpp(606,19): warning C4305: '+=': truncamiento de 'double' a 'float'
D:\Documentos\UANL\Quinto Semestre\Gráficas\Proyecto\Proyecto\Ejemplo3\graphicsclass.cpp(613,19): warning C4305: '+=': truncamiento de 'double' a 'float'
D:\Documentos\UANL\Quinto Semestre\Gráficas\Proyecto\Proyecto\Ejemplo3\graphicsclass.cpp(615,32): warning C4244: '=': conversión de 'float' a 'int'; posible pérdida de datos
D:\Documentos\UANL\Quinto Semestre\Gráficas\Proyecto\Proyecto\Ejemplo3\graphicsclass.cpp(632,19): warning C4305: '+=': truncamiento de 'double' a 'float'
D:\Documentos\UANL\Quinto Semestre\Gráficas\Proyecto\Proyecto\Ejemplo3\graphicsclass.cpp(634,32): warning C4244: '=': conversión de 'float' a 'int'; posible pérdida de datos
D:\Documentos\UANL\Quinto Semestre\Gráficas\Proyecto\Proyecto\Ejemplo3\graphicsclass.cpp(651,19): warning C4305: '+=': truncamiento de 'double' a 'float'
D:\Documentos\UANL\Quinto Semestre\Gráficas\Proyecto\Proyecto\Ejemplo3\graphicsclass.cpp(653,32): warning C4244: '=': conversión de 'float' a 'int'; posible pérdida de datos
D:\Documentos\UANL\Quinto Semestre\Gráficas\Proyecto\Proyecto\Ejemplo3\graphicsclass.cpp(708,21): warning C4305: '+=': truncamiento de 'double' a 'float'
D:\Documentos\UANL\Quinto Semestre\Gráficas\Proyecto\Proyecto\Ejemplo3\graphicsclass.cpp(713,21): warning C4305: '-=': truncamiento de 'double' a 'float'
D:\Documentos\UANL\Quinto Semestre\Gráficas\Proyecto\Proyecto\Ejemplo3\graphicsclass.cpp(731,62): warning C4244: 'argumento': conversión de 'float' a 'int'; posible pérdida de datos
D:\Documentos\UANL\Quinto Semestre\Gráficas\Proyecto\Proyecto\Ejemplo3\graphicsclass.cpp(810,124): warning C4244: 'argumento': conversión de 'double' a 'float'; posible pérdida de datos
D:\Documentos\UANL\Quinto Semestre\Gráficas\Proyecto\Proyecto\Ejemplo3\graphicsclass.cpp(844,124): warning C4244: 'argumento': conversión de 'double' a 'float'; posible pérdida de datos
D:\Documentos\UANL\Quinto Semestre\Gráficas\Proyecto\Proyecto\Ejemplo3\graphicsclass.cpp(878,115): warning C4244: 'argumento': conversión de 'double' a 'float'; posible pérdida de datos
D:\Documentos\UANL\Quinto Semestre\Gráficas\Proyecto\Proyecto\Ejemplo3\graphicsclass.cpp(913,48): warning C4305: 'argumento': truncamiento de 'double' a 'float'
D:\Documentos\UANL\Quinto Semestre\Gráficas\Proyecto\Proyecto\Ejemplo3\graphicsclass.cpp(931,46): warning C4305: 'argumento': truncamiento de 'double' a 'float'
D:\Documentos\UANL\Quinto Semestre\Gráficas\Proyecto\Proyecto\Ejemplo3\graphicsclass.cpp(949,47): warning C4305: 'argumento': truncamiento de 'double' a 'float'
D:\Documentos\UANL\Quinto Semestre\Gráficas\Proyecto\Proyecto\Ejemplo3\graphicsclass.cpp(984,57): warning C4305: 'argumento': truncamiento de 'double' a 'float'
D:\Documentos\UANL\Quinto Semestre\Gráficas\Proyecto\Proyecto\Ejemplo3\graphicsclass.cpp(1003,56): warning C4305: 'argumento': truncamiento de 'double' a 'float'
D:\Documentos\UANL\Quinto Semestre\Gráficas\Proyecto\Proyecto\Ejemplo3\graphicsclass.cpp(1021,55): warning C4305: 'argumento': truncamiento de 'double' a 'float'
D:\Documentos\UANL\Quinto Semestre\Gráficas\Proyecto\Proyecto\Ejemplo3\graphicsclass.cpp(1039,56): warning C4305: 'argumento': truncamiento de 'double' a 'float'
D:\Documentos\UANL\Quinto Semestre\Gráficas\Proyecto\Proyecto\Ejemplo3\graphicsclass.cpp(1056,99): warning C4244: 'argumento': conversión de 'double' a 'float'; posible pérdida de datos
D:\Documentos\UANL\Quinto Semestre\Gráficas\Proyecto\Proyecto\Ejemplo3\graphicsclass.cpp(1075,99): warning C4244: 'argumento': conversión de 'double' a 'float'; posible pérdida de datos
D:\Documentos\UANL\Quinto Semestre\Gráficas\Proyecto\Proyecto\Ejemplo3\graphicsclass.cpp(1094,99): warning C4244: 'argumento': conversión de 'double' a 'float'; posible pérdida de datos
D:\Documentos\UANL\Quinto Semestre\Gráficas\Proyecto\Proyecto\Ejemplo3\graphicsclass.cpp(1113,99): warning C4244: 'argumento': conversión de 'double' a 'float'; posible pérdida de datos
D:\Documentos\UANL\Quinto Semestre\Gráficas\Proyecto\Proyecto\Ejemplo3\graphicsclass.cpp(1114,59): warning C4305: 'argumento': truncamiento de 'double' a 'float'
D:\Documentos\UANL\Quinto Semestre\Gráficas\Proyecto\Proyecto\Ejemplo3\graphicsclass.cpp(1132,99): warning C4244: 'argumento': conversión de 'double' a 'float'; posible pérdida de datos
D:\Documentos\UANL\Quinto Semestre\Gráficas\Proyecto\Proyecto\Ejemplo3\graphicsclass.cpp(1133,60): warning C4305: 'argumento': truncamiento de 'double' a 'float'
D:\Documentos\UANL\Quinto Semestre\Gráficas\Proyecto\Proyecto\Ejemplo3\graphicsclass.cpp(1151,99): warning C4244: 'argumento': conversión de 'double' a 'float'; posible pérdida de datos
D:\Documentos\UANL\Quinto Semestre\Gráficas\Proyecto\Proyecto\Ejemplo3\graphicsclass.cpp(1152,58): warning C4305: 'argumento': truncamiento de 'double' a 'float'
D:\Documentos\UANL\Quinto Semestre\Gráficas\Proyecto\Proyecto\Ejemplo3\graphicsclass.cpp(1171,109): warning C4244: 'argumento': conversión de 'double' a 'float'; posible pérdida de datos
D:\Documentos\UANL\Quinto Semestre\Gráficas\Proyecto\Proyecto\Ejemplo3\graphicsclass.cpp(1191,112): warning C4244: 'argumento': conversión de 'double' a 'float'; posible pérdida de datos
D:\Documentos\UANL\Quinto Semestre\Gráficas\Proyecto\Proyecto\Ejemplo3\graphicsclass.cpp(574,8): warning C4101: 'RotaciónAgua': variable local sin referencia
D:\Documentos\UANL\Quinto Semestre\Gráficas\Proyecto\Proyecto\Ejemplo3\graphicsclass.cpp(573,8): warning C4101: 'TraslaciónAgua': variable local sin referencia
D:\Documentos\UANL\Quinto Semestre\Gráficas\Proyecto\Proyecto\Ejemplo3\Modelos.h(285): warning C4715: 'Modelos::modeLoad': no todas las rutas de acceso de control devuelven un valor
  Ejemplo3.vcxproj -> D:\Documentos\UANL\Quinto Semestre\Gráficas\Proyecto\Proyecto\x64\Debug\TerrenoSkyBillGC1.exe
